#
# There is insufficient memory for the Java Runtime Environment to continue.
# Native memory allocation (mmap) failed to map 8388608 bytes for G1 virtual space
# Possible reasons:
#   The system is out of physical RAM or swap space
#   The process is running with CompressedOops enabled, and the Java Heap may be blocking the growth of the native heap
# Possible solutions:
#   Reduce memory load on the system
#   Increase physical memory or swap space
#   Check if swap backing store is full
#   Decrease Java heap size (-Xmx/-Xms)
#   Decrease number of Java threads
#   Decrease Java thread stack sizes (-Xss)
#   Set larger code cache with -XX:ReservedCodeCacheSize=
#   JVM is running with Zero Based Compressed Oops mode in which the Java heap is
#     placed in the first 32GB address space. The Java Heap base address is the
#     maximum limit for the native heap growth. Please use -XX:HeapBaseMinAddress
#     to set the Java Heap base and to place the Java Heap above 32GB virtual address.
# This output file may be truncated or incomplete.
#
#  Out of Memory Error (os_windows.cpp:3557), pid=30768, tid=23564
#
# JRE version:  (17.0.6+10) (build )
# Java VM: OpenJDK 64-Bit Server VM (17.0.6+10, mixed mode, sharing, tiered, compressed oops, compressed class ptrs, g1 gc, windows-amd64)
# No core dump will be written. Minidumps are not enabled by default on client versions of Windows
#

---------------  S U M M A R Y ------------

Command Line: -Dfile.encoding=UTF-8 -XX:+ShowCodeDetailsInExceptionMessages j0516.C0516_07

Host: Intel(R) Core(TM) i5-9400F CPU @ 2.90GHz, 6 cores, 31G,  Windows 10 , 64 bit Build 19041 (10.0.19041.2913)
Time: Tue May 16 17:57:28 2023  Windows 10 , 64 bit Build 19041 (10.0.19041.2913) elapsed time: 0.012924 seconds (0d 0h 0m 0s)

---------------  T H R E A D  ---------------

Current thread (0x000002777d97a380):  JavaThread "Unknown thread" [_thread_in_vm, id=23564, stack(0x000000f5f8900000,0x000000f5f8a00000)]

Stack: [0x000000f5f8900000,0x000000f5f8a00000]
Native frames: (J=compiled Java code, j=interpreted, Vv=VM code, C=native code)
V  [jvm.dll+0x67741a]
V  [jvm.dll+0x834434]
V  [jvm.dll+0x835bde]
V  [jvm.dll+0x836243]
V  [jvm.dll+0x2457b5]
V  [jvm.dll+0x674329]
V  [jvm.dll+0x6689da]
V  [jvm.dll+0x30489b]
V  [jvm.dll+0x30bd96]
V  [jvm.dll+0x35b593]
V  [jvm.dll+0x35b7af]
V  [jvm.dll+0x2db778]
V  [jvm.dll+0x2dc6e4]
V  [jvm.dll+0x806131]
V  [jvm.dll+0x369331]
V  [jvm.dll+0x7e56ac]
V  [jvm.dll+0x3eb35f]
V  [jvm.dll+0x3ecea1]
C  [jli.dll+0x5267]
C  [ucrtbase.dll+0x21bb2]
C  [KERNEL32.DLL+0x17614]
C  [ntdll.dll+0x526a1]


---------------  P R O C E S S  ---------------

Threads class SMR info:
_java_thread_list=0x00007fff9f3d5fd8, length=0, elements={
}

Java Threads: ( => current thread )

Other Threads:
  0x000002777da299a0 GCTaskThread "GC Thread#0" [stack: 0x000000f5f8a00000,0x000000f5f8b00000] [id=26808]
  0x000002777da3a870 ConcurrentGCThread "G1 Main Marker" [stack: 0x000000f5f8b00000,0x000000f5f8c00000] [id=28104]
  0x000002777da3b280 ConcurrentGCThread "G1 Conc#0" [stack: 0x000000f5f8c00000,0x000000f5f8d00000] [id=34332]

[error occurred during error reporting (printing all threads), id 0xc0000005, EXCEPTION_ACCESS_VIOLATION (0xc0000005) at pc=0x00007fff9ebac1e7]

VM state: not at safepoint (not fully initialized)

VM Mutex/Monitor currently owned by a thread:  ([mutex/lock_event])
[0x000002777d975cc0] Heap_lock - owner thread: 0x000002777d97a380

Heap address: 0x0000000600c00000, size: 8180 MB, Compressed Oops mode: Zero based, Oop shift amount: 3

CDS archive(s) mapped at: [0x0000000000000000-0x0000000000000000-0x0000000000000000), size 0, SharedBaseAddress: 0x0000000800000000, ArchiveRelocationMode: 0.
Narrow klass base: 0x0000000000000000, Narrow klass shift: 0, Narrow klass range: 0x0

GC Precious Log:
<Empty>

Heap:
 garbage-first heap   total 0K, used 0K [0x0000000600c00000, 0x0000000800000000)
  region size 4096K, 0 young (0K), 0 survivors (0K)

[error occurred during error reporting (printing heap information), id 0xc0000005, EXCEPTION_ACCESS_VIOLATION (0xc0000005) at pc=0x00007fff9ef906f9]

GC Heap History (0 events):
No events

Dll operation events (1 events):
Event: 0.008 Loaded shared library C:\eclipse\plugins\org.eclipse.justj.openjdk.hotspot.jre.full.win32.x86_64_17.0.6.v20230204-1729\jre\bin\java.dll

Deoptimization events (0 events):
No events

Classes unloaded (0 events):
No events

Classes redefined (0 events):
No events

Internal exceptions (0 events):
No events

VM Operations (0 events):
No events

Events (0 events):
No events


Dynamic libraries:
0x00007ff7cafe0000 - 0x00007ff7cafee000 	C:\eclipse\plugins\org.eclipse.justj.openjdk.hotspot.jre.full.win32.x86_64_17.0.6.v20230204-1729\jre\bin\javaw.exe
0x00007fffe1a10000 - 0x00007fffe1c08000 	C:\WINDOWS\SYSTEM32\ntdll.dll
0x00007fffe0fe0000 - 0x00007fffe109f000 	C:\WINDOWS\System32\KERNEL32.DLL
0x00007fffdf620000 - 0x00007fffdf916000 	C:\WINDOWS\System32\KERNELBASE.dll
0x00007fffdf430000 - 0x00007fffdf530000 	C:\WINDOWS\System32\ucrtbase.dll
0x00007fffd2fe0000 - 0x00007fffd2ff7000 	C:\eclipse\plugins\org.eclipse.justj.openjdk.hotspot.jre.full.win32.x86_64_17.0.6.v20230204-1729\jre\bin\jli.dll
0x00007fffd0e00000 - 0x00007fffd0e19000 	C:\eclipse\plugins\org.eclipse.justj.openjdk.hotspot.jre.full.win32.x86_64_17.0.6.v20230204-1729\jre\bin\VCRUNTIME140.dll
0x00007fffe0da0000 - 0x00007fffe0f3d000 	C:\WINDOWS\System32\USER32.dll
0x00007fffdfa40000 - 0x00007fffdfa62000 	C:\WINDOWS\System32\win32u.dll
0x00007fffe0080000 - 0x00007fffe00ac000 	C:\WINDOWS\System32\GDI32.dll
0x00007fffdf0f0000 - 0x00007fffdf205000 	C:\WINDOWS\System32\gdi32full.dll
0x00007fffdf580000 - 0x00007fffdf61d000 	C:\WINDOWS\System32\msvcp_win.dll
0x00007fffca6c0000 - 0x00007fffca95a000 	C:\WINDOWS\WinSxS\amd64_microsoft.windows.common-controls_6595b64144ccf1df_6.0.19041.1110_none_60b5254171f9507e\COMCTL32.dll
0x00007fffe0830000 - 0x00007fffe08ce000 	C:\WINDOWS\System32\msvcrt.dll
0x00007fffdfef0000 - 0x00007fffdff20000 	C:\WINDOWS\System32\IMM32.DLL
0x00007fffdac40000 - 0x00007fffdac4c000 	C:\eclipse\plugins\org.eclipse.justj.openjdk.hotspot.jre.full.win32.x86_64_17.0.6.v20230204-1729\jre\bin\vcruntime140_1.dll
0x00007fffd0540000 - 0x00007fffd05d1000 	C:\eclipse\plugins\org.eclipse.justj.openjdk.hotspot.jre.full.win32.x86_64_17.0.6.v20230204-1729\jre\bin\msvcp140.dll
0x00007fff9e8c0000 - 0x00007fff9f507000 	C:\eclipse\plugins\org.eclipse.justj.openjdk.hotspot.jre.full.win32.x86_64_17.0.6.v20230204-1729\jre\bin\server\jvm.dll
0x00007fffe1920000 - 0x00007fffe19cf000 	C:\WINDOWS\System32\ADVAPI32.dll
0x00007fffe00c0000 - 0x00007fffe015c000 	C:\WINDOWS\System32\sechost.dll
0x00007fffe10a0000 - 0x00007fffe11c6000 	C:\WINDOWS\System32\RPCRT4.dll
0x00007fffd1b30000 - 0x00007fffd1b39000 	C:\WINDOWS\SYSTEM32\WSOCK32.dll
0x00007fffd8190000 - 0x00007fffd819a000 	C:\WINDOWS\SYSTEM32\VERSION.dll
0x00007fffd3a30000 - 0x00007fffd3a57000 	C:\WINDOWS\SYSTEM32\WINMM.dll
0x00007fffe0280000 - 0x00007fffe02eb000 	C:\WINDOWS\System32\WS2_32.dll
0x00007fffdcf90000 - 0x00007fffdcfa2000 	C:\WINDOWS\SYSTEM32\kernel.appcore.dll
0x00007fffd2630000 - 0x00007fffd263a000 	C:\eclipse\plugins\org.eclipse.justj.openjdk.hotspot.jre.full.win32.x86_64_17.0.6.v20230204-1729\jre\bin\jimage.dll
0x00007fffd1180000 - 0x00007fffd1364000 	C:\WINDOWS\SYSTEM32\DBGHELP.DLL
0x00007fffca2c0000 - 0x00007fffca2f4000 	C:\WINDOWS\SYSTEM32\dbgcore.DLL
0x00007fffdf210000 - 0x00007fffdf292000 	C:\WINDOWS\System32\bcryptPrimitives.dll
0x00007fffb9f30000 - 0x00007fffb9f55000 	C:\eclipse\plugins\org.eclipse.justj.openjdk.hotspot.jre.full.win32.x86_64_17.0.6.v20230204-1729\jre\bin\java.dll

dbghelp: loaded successfully - version: 4.0.5 - missing functions: none
symbol engine: initialized successfully - sym options: 0x614 - pdb path: .;C:\eclipse\plugins\org.eclipse.justj.openjdk.hotspot.jre.full.win32.x86_64_17.0.6.v20230204-1729\jre\bin;C:\WINDOWS\SYSTEM32;C:\WINDOWS\WinSxS\amd64_microsoft.windows.common-controls_6595b64144ccf1df_6.0.19041.1110_none_60b5254171f9507e;C:\eclipse\plugins\org.eclipse.justj.openjdk.hotspot.jre.full.win32.x86_64_17.0.6.v20230204-1729\jre\bin\server

VM Arguments:
jvm_args: -Dfile.encoding=UTF-8 -XX:+ShowCodeDetailsInExceptionMessages 
java_command: j0516.C0516_07
java_class_path (initial): C:\workspace\j516\bin
Launcher Type: SUN_STANDARD

[Global flags]
     intx CICompilerCount                          = 3                                         {product} {ergonomic}
     uint ConcGCThreads                            = 2                                         {product} {ergonomic}
     uint G1ConcRefinementThreads                  = 6                                         {product} {ergonomic}
   size_t G1HeapRegionSize                         = 4194304                                   {product} {ergonomic}
    uintx GCDrainStackTargetSize                   = 64                                        {product} {ergonomic}
   size_t InitialHeapSize                          = 536870912                                 {product} {ergonomic}
   size_t MarkStackSize                            = 4194304                                   {product} {ergonomic}
   size_t MaxHeapSize                              = 8577351680                                {product} {ergonomic}
   size_t MinHeapDeltaBytes                        = 4194304                                   {product} {ergonomic}
   size_t MinHeapSize                              = 8388608                                   {product} {ergonomic}
    uintx NonNMethodCodeHeapSize                   = 5832780                                {pd product} {ergonomic}
    uintx NonProfiledCodeHeapSize                  = 122912730                              {pd product} {ergonomic}
    uintx ProfiledCodeHeapSize                     = 122912730                              {pd product} {ergonomic}
    uintx ReservedCodeCacheSize                    = 251658240                              {pd product} {ergonomic}
     bool SegmentedCodeCache                       = true                                      {product} {ergonomic}
     bool ShowCodeDetailsInExceptionMessages       = true                                   {manageable} {command line}
   size_t SoftMaxHeapSize                          = 8577351680                             {manageable} {ergonomic}
     bool UseCompressedClassPointers               = true                           {product lp64_product} {ergonomic}
     bool UseCompressedOops                        = true                           {product lp64_product} {ergonomic}
     bool UseG1GC                                  = true                                      {product} {ergonomic}
     bool UseLargePagesIndividualAllocation        = false                                  {pd product} {ergonomic}

Logging:
Log output configuration:
 #0: stdout all=warning uptime,level,tags
 #1: stderr all=off uptime,level,tags

Environment Variables:
JAVA_HOME=C:\Program Files\Amazon Corretto\jdk11.0.18_10
PATH=C:/eclipse//plugins/org.eclipse.justj.openjdk.hotspot.jre.full.win32.x86_64_17.0.6.v20230204-1729/jre/bin/server;C:/eclipse//plugins/org.eclipse.justj.openjdk.hotspot.jre.full.win32.x86_64_17.0.6.v20230204-1729/jre/bin;C:\Program Files\Amazon Corretto\jdk11.0.18_10\bin;D:\app\hankuk1_006\product\11.2.0\dbhome_1\bin;D:\app\1鬼曖褒_006\product\11.2.0\dbhome_4\bin;D:;app\1鬼曖褒_006\product\11.2.0\dbhome_3\bin;C:;Program Files (x86)\Common Files\Oracle\Java\javapath;C:\WINDOWS\system32;C:\WINDOWS;C:\WINDOWS\System32\Wbem;C:\WINDOWS\System32\WindowsPowerShell\v1.0\;C:\WINDOWS\System32\OpenSSH\;C:\Program Files\Bandizip\;C:\Program Files\Docker\Docker\resources\bin;C:\Program Files\Git\cmd;C:\Program Files\Git LFS;C:\Program Files\dotnet\;C:\Program Files\Oracle\instantclient-basic-windows.x64-11.2.0.4.0\instantclient_11_2;C:\jdk18\bin;C:\Users\Administrator\AppData\Local\Microsoft\WindowsApps;C:\Users\Administrator\AppData\Local\Programs\Microsoft VS Code\bin;C:\Program Files\Oracle\instantclient-basic-windows.x64-11.2.0.4.0\instantclient_11_2;C:\jdk18\bin;;C:\eclipse;
USERNAME=Administrator
OS=Windows_NT
PROCESSOR_IDENTIFIER=Intel64 Family 6 Model 158 Stepping 10, GenuineIntel
TMP=C:\Users\ADMINI~1\AppData\Local\Temp
TEMP=C:\Users\ADMINI~1\AppData\Local\Temp



---------------  S Y S T E M  ---------------

OS:
 Windows 10 , 64 bit Build 19041 (10.0.19041.2913)
OS uptime: 5 days 0:02 hours
Hyper-V role detected

CPU: total 6 (initial active 6) (6 cores per cpu, 1 threads per core) family 6 model 158 stepping 10 microcode 0xb4, cx8, cmov, fxsr, mmx, 3dnowpref, sse, sse2, sse3, ssse3, sse4.1, sse4.2, popcnt, lzcnt, tsc, tscinvbit, avx, avx2, aes, erms, clmul, bmi1, bmi2, adx, fma, vzeroupper, clflush, clflushopt, hv

Memory: 4k page, system-wide physical 32712M (17411M free)
TotalPageFile size 34760M (AvailPageFile size 7M)
current process WorkingSet (physical memory assigned to process): 10M, peak: 10M
current process commit charge ("private bytes"): 569M, peak: 577M

vm_info: OpenJDK 64-Bit Server VM (17.0.6+10) for windows-amd64 JRE (17.0.6+10), built on Jan 18 2023 10:08:59 by "temurin" with MS VC++ 16.7 (VS2019)

END.
